[INFO ] 2020-06-02 10:18:31.264 [main] PraksaPrviApplication - Starting PraksaPrviApplication on EN510247 with PID 20568 (C:\Users\Tijana.Andric\IdeaProjects\PraksaPrvi\PraksaPrvi\backend\target\classes started by Tijana.Andric in C:\Users\Tijana.Andric\IdeaProjects\PraksaPrvi\PraksaPrvi\backend)
[INFO ] 2020-06-02 10:18:31.269 [main] PraksaPrviApplication - No active profile set, falling back to default profiles: default
[INFO ] 2020-06-02 10:18:33.169 [main] PostProcessorRegistrationDelegate$BeanPostProcessorChecker - Bean 'org.springframework.security.config.annotation.configuration.ObjectPostProcessorConfiguration' of type [org.springframework.security.config.annotation.configuration.ObjectPostProcessorConfiguration] is not eligible for getting processed by all BeanPostProcessors (for example: not eligible for auto-proxying)
[INFO ] 2020-06-02 10:18:33.174 [main] PostProcessorRegistrationDelegate$BeanPostProcessorChecker - Bean 'objectPostProcessor' of type [org.springframework.security.config.annotation.configuration.AutowireBeanFactoryObjectPostProcessor] is not eligible for getting processed by all BeanPostProcessors (for example: not eligible for auto-proxying)
[INFO ] 2020-06-02 10:18:33.181 [main] PostProcessorRegistrationDelegate$BeanPostProcessorChecker - Bean 'org.springframework.security.access.expression.method.DefaultMethodSecurityExpressionHandler@6c575325' of type [org.springframework.security.access.expression.method.DefaultMethodSecurityExpressionHandler] is not eligible for getting processed by all BeanPostProcessors (for example: not eligible for auto-proxying)
[INFO ] 2020-06-02 10:18:33.187 [main] PostProcessorRegistrationDelegate$BeanPostProcessorChecker - Bean 'org.springframework.security.config.annotation.method.configuration.GlobalMethodSecurityConfiguration' of type [org.springframework.security.config.annotation.method.configuration.GlobalMethodSecurityConfiguration] is not eligible for getting processed by all BeanPostProcessors (for example: not eligible for auto-proxying)
[INFO ] 2020-06-02 10:18:33.199 [main] PostProcessorRegistrationDelegate$BeanPostProcessorChecker - Bean 'methodSecurityMetadataSource' of type [org.springframework.security.access.method.DelegatingMethodSecurityMetadataSource] is not eligible for getting processed by all BeanPostProcessors (for example: not eligible for auto-proxying)
[INFO ] 2020-06-02 10:18:34.096 [main] TomcatWebServer - Tomcat initialized with port(s): 8080 (http)
[INFO ] 2020-06-02 10:18:34.333 [main] ContextLoader - Root WebApplicationContext: initialization completed in 3018 ms
[INFO ] 2020-06-02 10:18:34.599 [main] LogHelper - HHH000204: Processing PersistenceUnitInfo [name: default]
[INFO ] 2020-06-02 10:18:34.749 [main] Version - HHH000412: Hibernate ORM core version 5.4.12.Final
[INFO ] 2020-06-02 10:18:34.930 [main] Version - HCANN000001: Hibernate Commons Annotations {5.1.0.Final}
[INFO ] 2020-06-02 10:18:36.002 [main] Dialect - HHH000400: Using dialect: org.hibernate.dialect.MySQL8Dialect
[INFO ] 2020-06-02 10:18:37.631 [main] JtaPlatformInitiator - HHH000490: Using JtaPlatform implementation: [org.hibernate.engine.transaction.jta.platform.internal.NoJtaPlatform]
[INFO ] 2020-06-02 10:18:37.645 [main] LocalContainerEntityManagerFactoryBean - Initialized JPA EntityManagerFactory for persistence unit 'default'
[WARN ] 2020-06-02 10:18:38.547 [main] JpaBaseConfiguration$JpaWebConfiguration - spring.jpa.open-in-view is enabled by default. Therefore, database queries may be performed during view rendering. Explicitly configure spring.jpa.open-in-view to disable this warning
[INFO ] 2020-06-02 10:18:39.253 [main] DefaultSecurityFilterChain - Creating filter chain: any request, [org.springframework.security.web.context.request.async.WebAsyncManagerIntegrationFilter@1f7557fe, org.springframework.security.web.context.SecurityContextPersistenceFilter@2e64ae1a, org.springframework.security.web.header.HeaderWriterFilter@5b32e0b1, org.springframework.web.filter.CorsFilter@7bd7d71c, org.springframework.security.web.authentication.logout.LogoutFilter@4c7f2fdb, org.springframework.security.web.authentication.www.BasicAuthenticationFilter@60fe75f7, org.springframework.security.web.savedrequest.RequestCacheAwareFilter@30a20fb3, org.springframework.security.web.servletapi.SecurityContextHolderAwareRequestFilter@632dc41, org.springframework.security.web.authentication.AnonymousAuthenticationFilter@52963839, org.springframework.security.web.session.SessionManagementFilter@7b54a0a4, org.springframework.security.web.access.ExceptionTranslationFilter@25172993, org.springframework.security.web.access.intercept.FilterSecurityInterceptor@38197e82]
[INFO ] 2020-06-02 10:18:39.352 [main] ThreadPoolTaskExecutor - Initializing ExecutorService 'applicationTaskExecutor'
[INFO ] 2020-06-02 10:18:39.633 [main] TomcatWebServer - Tomcat started on port(s): 8080 (http) with context path ''
[INFO ] 2020-06-02 10:18:39.633 [main] PraksaPrviApplication - Started PraksaPrviApplication in 9.114 seconds (JVM running for 10.596)
[INFO ] 2020-06-02 10:18:56.766 [http-nio-8080-exec-1] DispatcherServlet - Initializing Servlet 'dispatcherServlet'
[INFO ] 2020-06-02 10:18:56.784 [http-nio-8080-exec-1] DispatcherServlet - Completed initialization in 18 ms
